<?xml version="1.0" encoding="UTF-8"?>
<testng-results ignored="0" total="2" passed="2" failed="0" skipped="0">
  <reporter-output>
  </reporter-output>
  <suite started-at="2024-04-23T23:19:47 IST" name="Default suite" finished-at="2024-04-23T23:21:27 IST" duration-ms="99893">
    <groups>
    </groups>
    <test started-at="2024-04-23T23:19:47 IST" name="Default test" finished-at="2024-04-23T23:21:27 IST" duration-ms="99893">
      <class name="com.san.actitime.tasks.CreateCustomer">
        <test-method is-config="true" signature="openBrowser()[pri:0, instance:com.san.actitime.tasks.CreateCustomer@73e9cf30]" started-at="2024-04-23T23:19:47 IST" name="openBrowser" finished-at="2024-04-23T23:19:56 IST" duration-ms="8237" status="PASS">
          <reporter-output>
          </reporter-output>
        </test-method> <!-- openBrowser -->
        <test-method is-config="true" signature="login()[pri:0, instance:com.san.actitime.tasks.CreateCustomer@73e9cf30]" started-at="2024-04-23T23:19:56 IST" name="login" finished-at="2024-04-23T23:20:24 IST" duration-ms="28469" status="PASS">
          <reporter-output>
          </reporter-output>
        </test-method> <!-- login -->
        <test-method signature="testcreatecustomer()[pri:0, instance:com.san.actitime.tasks.CreateCustomer@73e9cf30]" started-at="2024-04-23T23:20:24 IST" name="testcreatecustomer" finished-at="2024-04-23T23:20:36 IST" duration-ms="11903" status="PASS">
          <reporter-output>
          </reporter-output>
        </test-method> <!-- testcreatecustomer -->
        <test-method is-config="true" signature="logout()[pri:0, instance:com.san.actitime.tasks.CreateCustomer@73e9cf30]" started-at="2024-04-23T23:20:36 IST" name="logout" finished-at="2024-04-23T23:20:37 IST" duration-ms="1018" status="PASS">
          <reporter-output>
          </reporter-output>
        </test-method> <!-- logout -->
        <test-method is-config="true" signature="closeBrowser()[pri:0, instance:com.san.actitime.tasks.CreateCustomer@73e9cf30]" started-at="2024-04-23T23:20:37 IST" name="closeBrowser" finished-at="2024-04-23T23:20:37 IST" duration-ms="199" status="PASS">
          <reporter-output>
          </reporter-output>
        </test-method> <!-- closeBrowser -->
      </class> <!-- com.san.actitime.tasks.CreateCustomer -->
      <class name="com.san.actitime.tasks.DeleteCustomer">
        <test-method is-config="true" signature="openBrowser()[pri:0, instance:com.san.actitime.tasks.DeleteCustomer@534a5a98]" started-at="2024-04-23T23:20:37 IST" name="openBrowser" finished-at="2024-04-23T23:20:44 IST" duration-ms="6814" status="PASS">
          <reporter-output>
          </reporter-output>
        </test-method> <!-- openBrowser -->
        <test-method is-config="true" signature="login()[pri:0, instance:com.san.actitime.tasks.DeleteCustomer@534a5a98]" started-at="2024-04-23T23:20:44 IST" name="login" finished-at="2024-04-23T23:21:07 IST" duration-ms="22770" status="PASS">
          <reporter-output>
          </reporter-output>
        </test-method> <!-- login -->
        <test-method signature="testdeletecustomer()[pri:0, instance:com.san.actitime.tasks.DeleteCustomer@534a5a98]" started-at="2024-04-23T23:21:07 IST" name="testdeletecustomer" finished-at="2024-04-23T23:21:26 IST" duration-ms="19099" status="PASS">
          <reporter-output>
          </reporter-output>
        </test-method> <!-- testdeletecustomer -->
        <test-method is-config="true" signature="logout()[pri:0, instance:com.san.actitime.tasks.DeleteCustomer@534a5a98]" started-at="2024-04-23T23:21:26 IST" name="logout" finished-at="2024-04-23T23:21:27 IST" duration-ms="1081" status="PASS">
          <reporter-output>
          </reporter-output>
        </test-method> <!-- logout -->
        <test-method is-config="true" signature="closeBrowser()[pri:0, instance:com.san.actitime.tasks.DeleteCustomer@534a5a98]" started-at="2024-04-23T23:21:27 IST" name="closeBrowser" finished-at="2024-04-23T23:21:27 IST" duration-ms="252" status="PASS">
          <reporter-output>
          </reporter-output>
        </test-method> <!-- closeBrowser -->
      </class> <!-- com.san.actitime.tasks.DeleteCustomer -->
    </test> <!-- Default test -->
  </suite> <!-- Default suite -->
</testng-results>
